Requirement already satisfied: pyautogui in c:\python\python38-32\lib\site-packages (0.9.50)
Requirement already satisfied: pymsgbox in c:\python\python38-32\lib\site-packages (from pyautogui) (1.0.8)
Requirement already satisfied: PyTweening>=1.0.1 in c:\python\python38-32\lib\site-packages (from pyautogui) (1.0.3)
Requirement already satisfied: pyscreeze>=0.1.21 in c:\python\python38-32\lib\site-packages (from pyautogui) (0.1.26)
Requirement already satisfied: pygetwindow>=0.0.5 in c:\python\python38-32\lib\site-packages (from pyautogui) (0.0.8)
Requirement already satisfied: mouseinfo in c:\python\python38-32\lib\site-packages (from pyautogui) (0.1.3)
Requirement already satisfied: Pillow>=6.2.1 in c:\python\python38-32\lib\site-packages (from pyscreeze>=0.1.21->pyautogui) (7.2.0)
Requirement already satisfied: pyrect in c:\python\python38-32\lib\site-packages (from pygetwindow>=0.0.5->pyautogui) (0.1.4)
Requirement already satisfied: pyperclip in c:\python\python38-32\lib\site-packages (from mouseinfo->pyautogui) (1.8.0)
WARNING: You are using pip version 20.1.1; however, version 20.2.3 is available.
You should consider upgrading via the 'C:\Python\Python38-32\python.exe -m pip install --upgrade pip' command.
Requirement already satisfied: autoit in c:\python\python38-32\lib\site-packages (0.1)
WARNING: You are using pip version 20.1.1; however, version 20.2.3 is available.
You should consider upgrading via the 'C:\Python\Python38-32\python.exe -m pip install --upgrade pip' command.
Requirement already satisfied: pydirectinput in c:\python\python38-32\lib\site-packages (1.0.2)
WARNING: You are using pip version 20.1.1; however, version 20.2.3 is available.
You should consider upgrading via the 'C:\Python\Python38-32\python.exe -m pip install --upgrade pip' command.
Requirement already satisfied: pynput in c:\python\python38-32\lib\site-packages (1.6.8)
Requirement already satisfied: six in c:\python\python38-32\lib\site-packages (from pynput) (1.15.0)
WARNING: You are using pip version 20.1.1; however, version 20.2.3 is available.
You should consider upgrading via the 'C:\Python\Python38-32\python.exe -m pip install --upgrade pip' command.
Requirement already satisfied: python-imageseach-drov0 in c:\python\python38-32\lib\site-packages (1.0.6)
Requirement already satisfied: python3-xlib in c:\python\python38-32\lib\site-packages (from python-imageseach-drov0) (0.15)
Requirement already satisfied: numpy in c:\python\python38-32\lib\site-packages (from python-imageseach-drov0) (1.19.0)
Requirement already satisfied: pyautogui in c:\python\python38-32\lib\site-packages (from python-imageseach-drov0) (0.9.50)
Requirement already satisfied: opencv-python in c:\python\python38-32\lib\site-packages (from python-imageseach-drov0) (4.3.0.36)
Requirement already satisfied: pymsgbox in c:\python\python38-32\lib\site-packages (from pyautogui->python-imageseach-drov0) (1.0.8)
Requirement already satisfied: PyTweening>=1.0.1 in c:\python\python38-32\lib\site-packages (from pyautogui->python-imageseach-drov0) (1.0.3)
Requirement already satisfied: pyscreeze>=0.1.21 in c:\python\python38-32\lib\site-packages (from pyautogui->python-imageseach-drov0) (0.1.26)
Requirement already satisfied: pygetwindow>=0.0.5 in c:\python\python38-32\lib\site-packages (from pyautogui->python-imageseach-drov0) (0.0.8)
Requirement already satisfied: mouseinfo in c:\python\python38-32\lib\site-packages (from pyautogui->python-imageseach-drov0) (0.1.3)
Requirement already satisfied: Pillow>=6.2.1 in c:\python\python38-32\lib\site-packages (from pyscreeze>=0.1.21->pyautogui->python-imageseach-drov0) (7.2.0)
Requirement already satisfied: pyrect in c:\python\python38-32\lib\site-packages (from pygetwindow>=0.0.5->pyautogui->python-imageseach-drov0) (0.1.4)
Requirement already satisfied: pyperclip in c:\python\python38-32\lib\site-packages (from mouseinfo->pyautogui->python-imageseach-drov0) (1.8.0)
WARNING: You are using pip version 20.1.1; however, version 20.2.3 is available.
You should consider upgrading via the 'C:\Python\Python38-32\python.exe -m pip install --upgrade pip' command.
Requirement already satisfied: PyAutoIt in c:\python\python38-32\lib\site-packages (0.6.0)
WARNING: You are using pip version 20.1.1; however, version 20.2.3 is available.
You should consider upgrading via the 'C:\Python\Python38-32\python.exe -m pip install --upgrade pip' command.
Requirement already satisfied: pyarmor in c:\python\python38-32\lib\site-packages (6.3.7)
WARNING: You are using pip version 20.1.1; however, version 20.2.3 is available.
You should consider upgrading via the 'C:\Python\Python38-32\python.exe -m pip install --upgrade pip' command.
Requirement already satisfied: licensing in c:\python\python38-32\lib\site-packages (0.23)
WARNING: You are using pip version 20.1.1; however, version 20.2.3 is available.
You should consider upgrading via the 'C:\Python\Python38-32\python.exe -m pip install --upgrade pip' command.
